Arguments: 
  /data/data/com.termux/files/usr/bin/node /data/data/com.termux/files/usr/share/yarn/bin/yarn.js

PATH: 
  /data/data/com.termux/files/usr/bin

Yarn version: 
  1.22.19

Node version: 
  19.9.0

Platform: 
  android arm64

Trace: 
  Error: EACCES: permission denied, symlink '../../../../pino/bin.js' -> '/storage/emulated/0/ramires/node_modules/@whiskeysockets/baileys/node_modules/.bin/pino'

npm manifest: 
  {
    "name": "base-md",
    "version": "1.0.0",
    "description": "jerfinho",
    "main": "base.js",
    "scripts": {
    "test": "node base"
    },
    "directories": {
      "lib": "lib"
    },
    "dependencies": {
      "pino": "^7.11.0",
      "fs": "^0.0.1-security",
      "cfonts": "^2.10.1",
      "moment-timezone": "^0.5.34",
      "performance-now": "^2.1.0",
      "spinnies": "^0.3.2",
      "yt-search": "^2.10.4",
      "@whiskeysockets/baileys": "6.0.0",
      "@adiwajshing/keyed-db": "^0.2.4",
      "axios": "^0.24.0",
      "qrcode-terminal": "^0.12.0",
      "chalk": "^4.1.2",
      "node-fetch": "^2.6.9",
      "file-type": "^16.5.4",
      "form-data": "^4.0.0",
      "mime-types": "^2.1.35"
    },
    "devDependencies": {},
    "repository": {
      "type": "git",
      "url": "off"
    },
    "keywords": [
      "whatsapp",
      "bot"
    ],
    "author": "JerfinhoPro"
  }

yarn manifest: 
  No manifest

Lockfile: 
  No lockfile
